<?xml version="1.0" encoding="UTF-8"?>
<!-- Generated by org.testng.reporters.JUnitReportReporter -->
<testsuite hostname="w3070588" name="Favorite.FavoriteTest" tests="1" failures="0" timestamp="18 Nov 2017 00:19:14 GMT" time="6.710" errors="0">
  <testcase name="testMenorSelect" time="6.710" classname="Favorite.FavoriteTest"/>
</testsuite> <!-- Favorite.FavoriteTest -->
