<?xml version="1.0" encoding="UTF-8"?>
<!-- Generated by org.testng.reporters.JUnitReportReporter -->
<testsuite hostname="w3070588" name="Favorite.FavoriteTest" tests="1" failures="0" timestamp="23 Nov 2017 00:03:23 GMT" time="17.644" errors="0">
  <testcase name="testfavoritarSemLogin" time="17.644" classname="Favorite.FavoriteTest"/>
</testsuite> <!-- Favorite.FavoriteTest -->
