<?xml version="1.0" encoding="UTF-8"?>
<!-- Generated by org.testng.reporters.JUnitReportReporter -->
<testsuite hostname="w3070588" name="verticalList.OpenListaVertical" tests="1" failures="0" timestamp="17 Nov 2017 23:54:56 GMT" time="1.395" errors="0">
  <testcase name="testMenorSelect" time="1.395" classname="verticalList.OpenListaVertical"/>
</testsuite> <!-- verticalList.OpenListaVertical -->
