<?xml version="1.0" encoding="UTF-8"?>
<!-- Generated by org.testng.reporters.JUnitReportReporter -->
<testsuite hostname="w3070588" name="verticalList.OpenListaVertical" tests="1" failures="0" timestamp="21 Nov 2017 00:10:34 GMT" time="5.640" errors="0">
  <testcase name="testMenorSelect" time="5.640" classname="verticalList.OpenListaVertical"/>
</testsuite> <!-- verticalList.OpenListaVertical -->
